<?xml version="1.0" encoding="UTF-8"?>
<!-- Generated by org.testng.reporters.JUnitReportReporter -->
<testsuite hostname="DESKTOP-UEJ1ASH" failures="0" tests="1" name="tests.LoginTest" time="9.415" errors="0" timestamp="2024-02-16T15:04:06 IST" skipped="0">
  <testcase classname="tests.LoginTest" name="login" time="9.415"/>
  <system-out/>
</testsuite> <!-- tests.LoginTest -->
